<?xml version="1.0" encoding="UTF-8"?>
<!-- Generated by org.testng.reporters.JUnitReportReporter -->
<testsuite hostname="EC2AMAZ-S11DBRH" failures="0" tests="3" name="CDPTest" time="11.592" errors="0" timestamp="2024-05-02T05:49:14 GMT" skipped="0">
  <testcase classname="CDPTest" name="deviceModeTest" time="2.026"/>
  <system-out/>
  <testcase classname="CDPTest" name="captureConsoleLogTest" time="3.885"/>
  <system-out/>
  <testcase classname="CDPTest" name="geoLocations" time="5.681"/>
  <system-out/>
</testsuite> <!-- CDPTest -->
