<?xml version="1.0" encoding="UTF-8"?>
<!-- Generated by org.testng.reporters.JUnitReportReporter -->
<testsuite hostname="EC2AMAZ-S11DBRH" failures="0" tests="2" name="ChromeDevTool.CDPTest" time="10.229" errors="0" timestamp="2024-05-02T05:02:13 GMT" skipped="0">
  <testcase classname="ChromeDevTool.CDPTest" name="deviceModeTest" time="1.977"/>
  <system-out/>
  <testcase classname="ChromeDevTool.CDPTest" name="geoLocations" time="8.252"/>
  <system-out/>
</testsuite> <!-- ChromeDevTool.CDPTest -->
